nohup: ignoring input
Saved 0
Saved 1
Saved 2
Saved 3
Saved 4
Saved 5
Saved 6
Saved 7
Saved 8
Saved 9
Saved 10
Saved 11
Saved 12
Saved 13
Saved 14
Saved 15
Saved 16
Saved 17
Saved 18
Saved 19
Saved 20
Saved 21
Saved 22
Saved 23
Saved 24
Saved 25
Saved 26
Saved 27
Saved 28
Saved 29
Saved 30
Saved 31
Saved 32
Saved 33
Saved 34
Saved 35
Saved 36
Saved 37
Saved 38
Saved 39
Saved 40
Saved 41
Saved 42
Saved 43
Saved 44
Saved 45
Saved 46
Saved 47
Saved 48
Saved 49
Saved 50
Saved 51
Saved 52
Saved 53
Saved 54
Saved 55
Saved 56
Saved 57
Saved 58
Saved 59
Saved 60
Saved 61
Saved 62
Saved 63
Saved 64
Saved 65
Saved 66
Saved 67
Saved 68
Saved 69
Saved 70
Saved 71
Saved 72
Saved 73
Saved 74
Saved 75
Saved 76
Saved 77
Saved 78
Saved 79
Saved 80
Saved 81
Saved 82
Saved 83
Saved 84
Saved 85
Saved 86
Saved 87
Saved 88
Saved 89
Saved 90
Saved 91
Saved 92
Saved 93
Saved 94
Saved 95
Saved 96
Saved 97
Saved 98
Saved 99
Saved 100
Saved 101
Saved 102
Saved 103
Saved 104
Saved 105
Saved 106
Saved 107
Saved 108
Saved 109
Saved 110
Saved 111
Saved 112
Saved 113
Saved 114
Saved 115
Saved 116
Saved 117
Saved 118
Saved 119
Saved 120
Saved 121
Saved 122
Saved 123
Saved 124
Saved 125
Saved 126
Saved 127
Saved 128
Saved 129
Saved 130
Saved 131
Saved 132
Saved 133
Saved 134
Saved 135
Saved 136
Saved 137
Saved 138
Saved 139
Saved 140
Saved 141
Saved 142
Saved 143
Saved 144
Saved 145
Saved 146
Saved 147
Saved 148
Saved 149
Saved 150
Saved 151
Saved 152
Saved 153
Saved 154
Saved 155
Saved 156
Saved 157
Saved 158
Saved 159
Saved 160
Saved 161
Saved 162
Saved 163
Saved 164
Saved 165
Saved 166
Saved 167
Saved 168
Saved 169
Saved 170
Saved 171
Saved 172
Saved 173
Saved 174
Saved 175
Saved 176
Saved 177
Saved 178
Saved 179
Saved 180
Saved 181
Saved 182
Saved 183
Saved 184
Saved 185
Saved 186
Saved 187
Saved 188
Saved 189
Saved 190
Saved 191
Saved 192
Saved 193
Saved 194
Saved 195
Saved 196
Saved 197
Saved 198
Saved 199
Saved 200
Saved 201
Saved 202
Saved 203
Saved 204
Saved 205
Saved 206
Saved 207
Saved 208
Saved 209
Saved 210
Saved 211
Saved 212
Saved 213
Saved 214
Saved 215
Saved 216
Saved 217
Saved 218
Saved 219
Saved 220
Saved 221
Saved 222
Saved 223
Saved 224
Saved 225
Saved 226
Saved 227
Saved 228
Saved 229
Saved 230
Saved 231
Saved 232
Saved 233
Saved 234
Saved 235
Saved 236
Saved 237
Saved 238
Saved 239
Saved 240
Saved 241
Saved 242
Saved 243
Saved 244
Saved 245
Saved 246
Saved 247
Saved 248
Saved 249
Saved 250
Saved 251
Saved 252
Saved 253
Saved 254
Saved 255
Saved 256
Saved 257
Saved 258
Saved 259
Saved 260
Saved 261
Saved 262
Saved 263
Saved 264
Saved 265
Saved 266
Saved 267
Saved 268
Saved 269
Saved 270
Saved 271
Saved 272
Saved 273
Saved 274
Saved 275
Saved 276
Saved 277
Saved 278
Saved 279
Saved 280
Saved 281
Saved 282
Saved 283
Saved 284
Saved 285
Saved 286
Saved 287
Saved 288
Saved 289
Saved 290
Saved 291
Saved 292
Saved 293
Saved 294
Saved 295
Saved 296
Saved 297
Saved 298
Saved 299
Saved 300
Saved 301
Saved 302
Saved 303
Saved 304
Saved 305
Saved 306
Saved 307
Saved 308
Saved 309
Saved 310
Saved 311
Saved 312
Saved 313
Saved 314
Saved 315
Saved 316
Saved 317
Saved 318
Saved 319
Saved 320
Saved 321
Saved 322
Saved 323
Saved 324
Saved 325
Saved 326
Saved 327
Saved 328
Saved 329
Saved 330
Saved 331
Saved 332
Saved 333
Saved 334
Saved 335
Saved 336
Saved 337
Saved 338
Saved 339
Saved 340
Saved 341
Saved 342
Saved 343
Saved 344
Saved 345
Saved 346
Saved 347
Saved 348
Saved 349
Saved 350
Saved 351
Saved 352
Saved 353
Saved 354
Saved 355
Saved 356
Saved 357
Saved 358
Saved 359
Saved 360
Saved 361
Saved 362
Saved 363
Saved 364
Saved 365
Saved 366
Saved 367
Saved 368
Saved 369
Saved 370
Saved 371
Saved 372
Saved 373
Saved 374
Saved 375
Saved 376
Saved 377
Saved 378
Saved 379
Saved 380
Saved 381
Saved 382
Saved 383
Saved 384
Saved 385
Saved 386
Saved 387
Saved 388
Saved 389
Saved 390
Saved 391
Saved 392
Saved 393
Saved 394
Saved 395
Saved 396
Saved 397
Saved 398
Saved 399
Saved 400
Saved 401
Saved 402
Saved 403
Saved 404
Saved 405
Saved 406
Saved 407
Saved 408
Saved 409
Saved 410
Saved 411
Saved 412
Saved 413
Saved 414
Saved 415
Saved 416
Saved 417
Saved 418
Saved 419
Saved 420
Saved 421
Saved 422
Saved 423
Saved 424
Saved 425
Saved 426
Saved 427
Saved 428
Saved 429
Saved 430
Saved 431
Saved 432
Saved 433
Saved 434
Saved 435
Saved 436
Saved 437
Saved 438
Saved 439
Saved 440
Saved 441
Saved 442
Saved 443
Saved 444
Saved 445
Saved 446
Saved 447
Saved 448
Saved 449
Saved 450
Saved 451
Saved 452
Saved 453
Saved 454
Saved 455
Saved 456
Saved 457
Saved 458
Saved 459
Saved 460
Saved 461
Saved 462
Saved 463
Saved 464
Saved 465
Saved 466
Saved 467
Saved 468
Saved 469
Saved 470
Saved 471
Saved 472
Saved 473
Saved 474
Saved 475
Saved 476
Saved 477
Saved 478
Saved 479
Saved 480
Saved 481
Saved 482
Saved 483
Saved 484
Saved 485
Saved 486
Saved 487
Saved 488
Saved 489
Saved 490
Saved 491
Saved 492
Saved 493
Saved 494
Saved 495
Saved 496
Saved 497
Saved 498
Saved 499
Saved 500
Saved 501
Saved 502
Saved 503
Saved 504
Saved 505
Saved 506
Saved 507
Saved 508
Saved 509
Saved 510
Saved 511
Saved 512
Saved 513
Saved 514
Saved 515
Saved 516
Saved 517
Saved 518
Saved 519
Saved 520
Saved 521
Saved 522
Saved 523
Saved 524
Saved 525
Saved 526
Saved 527
Saved 528
Saved 529
Saved 530
Saved 531
Saved 532
Saved 533
Saved 534
Saved 535
Saved 536
Saved 537
Saved 538
Saved 539
Saved 540
Saved 541
Saved 542
Saved 543
Saved 544
Saved 545
Saved 546
Saved 547
Saved 548
Saved 549
Saved 550
Saved 551
Saved 552
Saved 553
Saved 554
Saved 555
Saved 556
Saved 557
Saved 558
Saved 559
Saved 560
Saved 561
Saved 562
Saved 563
Saved 564
Saved 565
Saved 566
Saved 567
Saved 568
Saved 569
Saved 570
Saved 571
Saved 572
Saved 573
Saved 574
Saved 575
Saved 576
Saved 577
Saved 578
Saved 579
Saved 580
Saved 581
Saved 582
Saved 583
Saved 584
Saved 585
Saved 586
Saved 587
Saved 588
Saved 589
Saved 590
Saved 591
Saved 592
Saved 593
Saved 594
Saved 595
Saved 596
Saved 597
Saved 598
Saved 599
Saved 600
Saved 601
Saved 602
Saved 603
Saved 604
Saved 605
Saved 606
Saved 607
Saved 608
Saved 609
Saved 610
Saved 611
Saved 612
Saved 613
Saved 614
Saved 615
Saved 616
Saved 617
Saved 618
Saved 619
Saved 620
Saved 621
Saved 622
Saved 623
Saved 624
Saved 625
Saved 626
Saved 627
Saved 628
Saved 629
Saved 630
Saved 631
Saved 632
Saved 633
Saved 634
Saved 635
Saved 636
Saved 637
Saved 638
Saved 639
Saved 640
Saved 641
Saved 642
Saved 643
Saved 644
Saved 645
Saved 646
Saved 647
Saved 648
Saved 649
Saved 650
Saved 651
Saved 652
Saved 653
Saved 654
Saved 655
Saved 656
Saved 657
Saved 658
Saved 659
Saved 660
Saved 661
Saved 662
Saved 663
Saved 664
Saved 665
Saved 666
Saved 667
Saved 668
Saved 669
Saved 670
Saved 671
Saved 672
Saved 673
Saved 674
Saved 675
Saved 676
Saved 677
Saved 678
Saved 679
Saved 680
Saved 681
Saved 682
Saved 683
Saved 684
Saved 685
Saved 686
Saved 687
Saved 688
Saved 689
Saved 690
Saved 691
Saved 692
Saved 693
Saved 694
Saved 695
Saved 696
Saved 697
Saved 698
Saved 699
Saved 700
Saved 701
Saved 702
Saved 703
Saved 704
Saved 705
Saved 706
Saved 707
Saved 708
Saved 709
Saved 710
Saved 711
Saved 712
Saved 713
Saved 714
Saved 715
Saved 716
Saved 717
Saved 718
Saved 719
Saved 720
Saved 721
Saved 722
Saved 723
Saved 724
Saved 725
Saved 726
Saved 727
Saved 728
Saved 729
Saved 730
Saved 731
Saved 732
Saved 733
Saved 734
Saved 735
Saved 736
Saved 737
Saved 738
Saved 739
Saved 740
Saved 741
Saved 742
Saved 743
Saved 744
Saved 745
Saved 746
Saved 747
Saved 748
Saved 749
Saved 750
Saved 751
Saved 752
Saved 753
Saved 754
Saved 755
Saved 756
Saved 757
Saved 758
Saved 759
Saved 760
Saved 761
Saved 762
Saved 763
Saved 764
Saved 765
Saved 766
Saved 767
Saved 768
Saved 769
Saved 770
Saved 771
Saved 772
Saved 773
Saved 774
Saved 775
Saved 776
Saved 777
Saved 778
Saved 779
Saved 780
Saved 781
Saved 782
Saved 783
Saved 784
Saved 785
Saved 786
Saved 787
Saved 788
Traceback (most recent call last):
  File "/home/adityaharsh/.local/lib/python3.9/site-packages/google/api_core/grpc_helpers.py", line 173, in error_remapped_callable
    return _StreamingResponseIterator(
  File "/home/adityaharsh/.local/lib/python3.9/site-packages/google/api_core/grpc_helpers.py", line 95, in __init__
    self._stored_first_result = next(self._wrapped)
  File "/home/adityaharsh/.local/lib/python3.9/site-packages/grpc/_channel.py", line 540, in __next__
    return self._next()
  File "/home/adityaharsh/.local/lib/python3.9/site-packages/grpc/_channel.py", line 966, in _next
    raise self
grpc._channel._MultiThreadedRendezvous: <_MultiThreadedRendezvous of RPC that terminated with:
	status = StatusCode.UNAVAILABLE
	details = "The service is currently unavailable."
	debug_error_string = "UNKNOWN:Error received from peer ipv4:142.250.128.95:443 {grpc_message:"The service is currently unavailable.", grpc_status:14, created_time:"2024-01-27T08:07:52.43189041+00:00"}"
>

The above exception was the direct cause of the following exception:

Traceback (most recent call last):
  File "/home/adityaharsh/JNU-HACKATHON/hard.py", line 70, in <module>
    res = generate(prompt)
  File "/home/adityaharsh/JNU-HACKATHON/hard.py", line 20, in generate
    for response in responses:
  File "/home/adityaharsh/.local/lib/python3.9/site-packages/vertexai/generative_models/_generative_models.py", line 520, in _generate_content_streaming
    response_stream = self._prediction_client.stream_generate_content(
  File "/home/adityaharsh/.local/lib/python3.9/site-packages/google/cloud/aiplatform_v1beta1/services/prediction_service/client.py", line 1634, in stream_generate_content
    response = rpc(
  File "/home/adityaharsh/.local/lib/python3.9/site-packages/google/api_core/gapic_v1/method.py", line 131, in __call__
    return wrapped_func(*args, **kwargs)
  File "/home/adityaharsh/.local/lib/python3.9/site-packages/google/api_core/grpc_helpers.py", line 177, in error_remapped_callable
    raise exceptions.from_grpc_error(exc) from exc
google.api_core.exceptions.ServiceUnavailable: 503 The service is currently unavailable.
